INFO: 2022/11/26 16:05:12 main.go:126: Listening on localhost:9988
INFO: 2022/11/26 16:05:17 main.go:74: Client ed467ea2-f984-4ecb-a932-087cfa32a0b7 added to slice
INFO: 2022/11/26 16:16:20 main.go:125: Listening on localhost:9988
INFO: 2022/11/26 16:16:23 main.go:73: Client e52045de-e4f2-49ad-a9ca-ea131fcd6a39 added to slice
INFO: 2022/11/26 16:19:58 main.go:133: Listening on localhost:9988
INFO: 2022/11/26 16:25:11 main.go:136: Listening on localhost:9988
INFO: 2022/11/26 16:30:22 main.go:136: Listening on localhost:9988
INFO: 2022/11/26 16:31:28 main.go:136: Listening on localhost:9988
INFO: 2022/11/26 16:31:48 main.go:136: Listening on localhost:9988
INFO: 2022/11/26 16:37:48 main.go:141: Listening on localhost:9988
INFO: 2022/11/26 16:42:16 main.go:153: Listening on localhost:9988
ERROR: 2022/11/26 16:44:28 main.go:116: Error while reading the user input
INFO: 2022/11/26 16:44:38 main.go:160: Listening on localhost:9988
INFO: 2022/11/26 16:49:38 main.go:172: Listening on localhost:9988
INFO: 2022/11/26 16:50:08 main.go:172: Listening on localhost:9988
INFO: 2022/11/26 16:50:21 main.go:172: Listening on localhost:9988
INFO: 2022/11/26 16:50:31 main.go:172: Listening on localhost:9988
INFO: 2022/12/11 19:35:35 main.go:170: Listening on localhost:9988
INFO: 2022/12/12 17:19:45 main.go:170: Listening on localhost:9988
INFO: 2022/12/12 17:19:48 main.go:78: Client c0ca9013-4dbf-4721-80fc-992dfc5e9190 added to slice
INFO: 2022/12/12 17:22:41 main.go:171: Listening on localhost:9988
INFO: 2022/12/12 17:22:43 main.go:79: Client  added to slice
ERROR: 2022/12/12 17:22:43 main.go:57: Error connecting to client socket: dial tcp :0: connect: connection refused
INFO: 2022/12/12 17:22:54 main.go:171: Listening on localhost:9988
INFO: 2022/12/12 17:22:55 main.go:79: Client  added to slice
ERROR: 2022/12/12 17:22:55 main.go:57: Error connecting to client socket: dial tcp :0: connect: connection refused
INFO: 2022/12/12 17:23:01 main.go:171: Listening on localhost:9988
INFO: 2022/12/12 17:23:40 main.go:170: Listening on localhost:9988
INFO: 2022/12/12 17:23:43 main.go:78: Client 4d910020-ed80-4ef4-a0a9-27c1cdd69bf1 added to slice
INFO: 2022/12/12 21:50:48 main.go:170: Listening on localhost:9988
INFO: 2022/12/12 21:50:50 main.go:78: Client a36aad01-4412-4930-9517-3679710473ad added to slice
ERROR: 2022/12/12 21:50:50 main.go:56: Error connecting to client socket: dial tcp 127.0.0.1:9912: connect: connection refused
INFO: 2022/12/12 21:51:07 main.go:78: Client d6d00f07-f76e-4e5b-a77d-cb810624b896 added to slice
INFO: 2022/12/12 21:51:21 main.go:78: Client 7305badf-abd9-4542-9283-a67a02b697df added to slice
INFO: 2022/12/12 21:53:27 main.go:171: Listening on localhost:9988
INFO: 2022/12/12 21:53:30 main.go:79: Client 1eef016d-dcaf-4b08-a105-1f2608949a02 added to slice
INFO: 2022/12/12 21:55:44 main.go:187: Listening on localhost:9988
INFO: 2022/12/12 21:55:47 main.go:94: Client a7fe4679-5876-4163-a772-26fd6d7858d9 added to slice
INFO: 2022/12/12 21:56:00 main.go:94: Client 9bc73757-f4c9-46df-9400-36b993496cf4 added to slice
INFO: 2022/12/12 21:56:02 main.go:94: Client 533f7fb0-1523-4368-b8e7-80d30660ebc2 added to slice
INFO: 2022/12/12 22:05:57 main.go:161: Listening on localhost:9988
INFO: 2022/12/12 22:05:59 main.go:69: Client 4902e861-621f-49c9-a419-07c73d145665 added to database
INFO: 2022/12/12 22:06:20 main.go:181: Listening on localhost:9988
INFO: 2022/12/12 22:06:23 main.go:89: Client cd631983-fdd4-4fbc-994e-83ef40dc6e60 added to database
INFO: 2022/12/12 22:06:28 main.go:89: Client 5a4351e8-b6b9-48cc-9c47-7dc472b4fd44 added to database
INFO: 2022/12/12 22:07:27 main.go:189: Listening on localhost:9988
INFO: 2022/12/12 22:08:41 main.go:158: Listening on localhost:9988
INFO: 2022/12/12 22:09:04 main.go:158: Listening on localhost:9988
INFO: 2022/12/12 22:09:07 main.go:66: Client 01430a4b-113e-4c40-904c-c0966bf465aa added to database
INFO: 2022/12/12 22:09:14 main.go:66: Client c15f10e8-0f93-4ec1-a362-dcfc3785eb85 added to database
INFO: 2022/12/13 10:35:06 main.go:158: Listening on localhost:9988
INFO: 2022/12/13 10:35:09 main.go:66: Client ebe07080-34a0-4ec4-81ad-af9a555856d4 added to database
INFO: 2022/12/13 10:38:45 main.go:162: Listening on localhost:9988
INFO: 2022/12/13 10:38:50 main.go:66: Client 35b68b6e-7c29-4412-836f-048807b28b0d added to database
INFO: 2022/12/13 10:44:05 main.go:151: Listening on localhost:9988
INFO: 2022/12/13 10:44:07 main.go:66: Client 575a8fa6-7ff6-45d3-b959-5f369edb71b4 added to database
INFO: 2022/12/13 10:45:21 main.go:151: Listening on localhost:9988
INFO: 2022/12/13 10:45:24 main.go:66: Client bb8521f0-f0fb-49b5-a4fa-f7c6ebf5f885 added to database
INFO: 2022/12/13 10:46:09 main.go:152: Listening on localhost:9988
INFO: 2022/12/13 10:46:12 main.go:67: Client 8f07c49d-b2a9-4293-a59b-ca45e2cc76de added to database
INFO: 2022/12/13 10:50:31 main.go:151: Listening on localhost:9988
INFO: 2022/12/13 10:53:46 main.go:151: Listening on localhost:9988
INFO: 2022/12/13 11:02:12 main.go:151: Listening on localhost:9988
INFO: 2022/12/13 11:02:52 main.go:151: Listening on localhost:9988
INFO: 2022/12/13 11:03:29 main.go:151: Listening on localhost:9988
INFO: 2022/12/13 11:03:31 main.go:66: Client 4cbf2fa2-63dc-4dcf-ae68-f20b4b927355 added to database
INFO: 2022/12/13 11:17:52 main.go:115: Listening on localhost:9988
INFO: 2022/12/13 11:17:53 main.go:30: Client 0c670082-f45a-4c23-b6ab-c36af9b36e2b added to database
INFO: 2022/12/13 12:06:08 main.go:123: Listening on localhost:9988
INFO: 2022/12/13 12:06:09 main.go:30: Client 889677e3-1770-40d3-b9ae-dc61e578846c added to database
INFO: 2022/12/13 12:06:41 main.go:123: Listening on localhost:9988
INFO: 2022/12/13 12:06:43 main.go:30: Client dd082985-8711-457b-853e-06496ca988ab added to database
INFO: 2022/12/13 12:08:04 main.go:123: Listening on localhost:9988
INFO: 2022/12/13 12:08:06 main.go:30: Client 728c38bc-bacd-40d8-902d-5a1e5d540951 added to database
INFO: 2022/12/13 12:08:32 main.go:123: Listening on localhost:9988
INFO: 2022/12/13 12:08:34 main.go:30: Client d69822b3-5951-4158-941f-ade8f2dcebbe added to database
INFO: 2022/12/13 12:11:10 main.go:123: Listening on localhost:9988
INFO: 2022/12/13 12:11:11 main.go:30: Client 243cc959-d10f-45c8-82c7-12c25d81b848 added to database
INFO: 2022/12/13 12:11:55 main.go:123: Listening on localhost:9988
INFO: 2022/12/13 12:11:57 main.go:30: Client 62384d76-67a0-4c98-a851-6c6f6fb1c525 added to database
INFO: 2022/12/13 12:25:15 main.go:131: Listening on localhost:9988
INFO: 2022/12/13 12:25:17 main.go:30: Client 951dec23-061c-426f-81a2-07ccc993f5bd added to database
INFO: 2022/12/13 12:25:49 main.go:132: Listening on localhost:9988
INFO: 2022/12/13 12:25:50 main.go:30: Client 07303d6a-7f82-4417-a285-41099f2b0acf added to database
INFO: 2022/12/13 12:26:13 main.go:132: Listening on localhost:9988
INFO: 2022/12/13 12:26:23 main.go:132: Listening on localhost:9988
INFO: 2022/12/13 12:26:42 main.go:131: Listening on localhost:9988
INFO: 2022/12/13 12:29:56 main.go:138: Listening on localhost:9988
INFO: 2022/12/13 12:30:07 main.go:138: Listening on localhost:9988
INFO: 2022/12/13 12:36:50 main.go:138: Listening on localhost:9988
INFO: 2022/12/13 12:36:52 main.go:33: Client 2715f0cb-ce41-42d9-aea6-29451645adb7 added to database
ERROR: 2022/12/13 12:37:01 main.go:63: Failed while trying to CheckClientExistence sql: expected 7 destination arguments in Scan, not 6
INFO: 2022/12/13 12:38:19 main.go:138: Listening on localhost:9988
INFO: 2022/12/13 12:38:21 main.go:33: Client 83522a38-ae36-4c81-8f73-f556204f7f56 added to database
ERROR: 2022/12/13 12:39:09 main.go:63: Failed while trying to CheckClientExistence sql: no rows in result set
INFO: 2022/12/13 12:41:36 main.go:138: Listening on localhost:9988
ERROR: 2022/12/13 12:41:47 main.go:63: Failed while trying to CheckClientExistence There are no Clients with that Uid (83522a38-ae36-4c81-8f73-f556204f7f51)

INFO: 2022/12/13 12:42:06 main.go:137: Listening on localhost:9988
ERROR: 2022/12/13 12:42:08 main.go:62: Failed while trying to CheckClientExistence There are no Clients with that Uid (83522a38-ae36-4c81-8f73-f556204f7f51)

ERROR: 2022/12/13 12:42:15 main.go:62: Failed while trying to CheckClientExistence There are no Clients with that Uid (83522a38-ae36-4c81-8f73-f556204f7f51)

ERROR: 2022/12/13 12:42:22 main.go:62: Failed while trying to CheckClientExistence There are no Clients with that Uid (83522a38-ae36-4c81-8f73-f556204f7f50)

INFO: 2022/12/13 12:42:35 main.go:138: Listening on localhost:9988
ERROR: 2022/12/13 12:42:40 main.go:63: Failed while trying to CheckClientExistence There are no Clients with that Uid (83522a38-ae36-4c81-8f73-f556204f7f50)

INFO: 2022/12/13 12:45:57 main.go:134: Listening on localhost:9988
INFO: 2022/12/13 12:45:59 main.go:33: Client 689a37f5-f422-4561-9e9b-837187d89078 added to database
INFO: 2022/12/13 12:49:06 main.go:138: Listening on localhost:9988
INFO: 2022/12/13 12:49:08 main.go:33: Client baa0cc74-f6ab-4d69-afc3-a3b7872a9ba5 added to database
